#
# An unexpected error has been detected by Java Runtime Environment:
#
#  Internal Error (0xe06d7363), pid=13064, tid=10696
#
# Java VM: Java HotSpot(TM) Client VM (10.0-b19 mixed mode windows-x86)
# Problematic frame:
# C  [kernel32.dll+0x12afb]
#
# If you would like to submit a bug report, please visit:
#   http://java.sun.com/webapps/bugreport/crash.jsp
# The crash happened outside the Java Virtual Machine in native code.
# See problematic frame for where to report the bug.
#

---------------  T H R E A D  ---------------

Current thread (0x05a4e000):  JavaThread "main" [_thread_in_native, id=10696, stack(0x00430000,0x00c30000)]

siginfo: ExceptionCode=0xe06d7363, ExceptionInformation=0x19930520 0x00c2a028 0x7b3972d4 

Registers:
EAX=0x00c23f48, EBX=0x00000000, ECX=0x00000000, EDX=0x00000001
ESP=0x00c23f44, EBP=0x00c23f98, ESI=0x00c23fd0, EDI=0x79407ab4
EIP=0x7c812afb, EFLAGS=0x00200206

Top of Stack: (sp=0x00c23f44)
0x00c23f44:   00c29fec e06d7363 00000001 00000000
0x00c23f54:   7c812afb 00000003 19930520 00c2a028
0x00c23f64:   7b3972d4 28bcc348 0000002f 28bcb3c0
0x00c23f74:   00000025 00c23f9c 7c42394d 28bcc348
0x00c23f84:   0000002f 7c423958 00000025 00c2a00c
0x00c23f94:   00c2a048 00c23fd0 78158e89 e06d7363
0x00c23fa4:   00000001 00000003 00c23fc4 e06d7363
0x00c23fb4:   00000001 00000000 00000000 00000003 

Instructions: (pc=0x7c812afb)
0x7c812aeb:   8d 7d c4 f3 a5 5f 8d 45 b0 50 ff 15 10 15 80 7c
0x7c812afb:   5e c9 c2 10 00 85 ff 0f 8e 36 93 ff ff 8b 55 fc 


Stack: [0x00430000,0x00c30000],  sp=0x00c23f44,  free space=8143k
Native frames: (J=compiled Java code, j=interpreted, Vv=VM code, C=native code)
C  [kernel32.dll+0x12afb]
C  [MSVCR80.dll+0x28e89]
C  [libmx.dll+0x13bc9]
C  [libmx.dll+0x14218]
C  [jmi.dll+0x5b6c]
C  [jmi.dll+0x5bec]
C  [jmi.dll+0x6778]
C  0x7aeb2143
C  0x7aeb20d3
C  0x7aeb2227
C  [nativejmi.dll+0x6d8a]
C  [nativejmi.dll+0x6e5f]
C  [nativejmi.dll+0xab54]
C  [nativejmi.dll+0xa086]
C  [mlutil.dll+0x1267f]
C  [mlutil.dll+0x1a0fd]
C  [nativejmi.dll+0xabea]
J  com.mathworks.jmi.NativeMatlab.PostMatlabMessage(Ljava/lang/Object;J)V
J  com.mathworks.jmi.MatlabLooper.postMatlabMessage(Lcom/mathworks/services/message/MWMessage;Lcom/mathworks/services/message/MWHandler;)V
J  com.mathworks.jmi.MatlabMCR.postAsync(Lcom/mathworks/services/message/MWMessage;Lcom/mathworks/jmi/CompletionObserver;Lcom/mathworks/jmi/MatlabListener;)V
v  ~BufferBlob::Interpreter
v  ~BufferBlob::Interpreter
v  ~BufferBlob::Interpreter
v  ~BufferBlob::Interpreter
J  sun.nio.cs.StreamEncoder.implWrite([CII)V
J  sun.nio.cs.StreamEncoder.write([CII)V
J  java.io.OutputStreamWriter.write([CII)V
v  ~BufferBlob::Interpreter
v  ~BufferBlob::Interpreter
v  ~BufferBlob::Interpreter
v  ~BufferBlob::Interpreter
v  ~BufferBlob::Interpreter
v  ~BufferBlob::Interpreter
v  ~BufferBlob::StubRoutines (1)

Java frames: (J=compiled Java code, j=interpreted, Vv=VM code)
J  com.mathworks.jmi.NativeMatlab.PostMatlabMessage(Ljava/lang/Object;J)V
J  com.mathworks.jmi.MatlabLooper.postMatlabMessage(Lcom/mathworks/services/message/MWMessage;Lcom/mathworks/services/message/MWHandler;)V
J  com.mathworks.jmi.MatlabMCR.postAsync(Lcom/mathworks/services/message/MWMessage;Lcom/mathworks/jmi/CompletionObserver;Lcom/mathworks/jmi/MatlabListener;)V
v  ~BufferBlob::Interpreter
v  ~BufferBlob::Interpreter
v  ~BufferBlob::Interpreter
v  ~BufferBlob::Interpreter
J  sun.nio.cs.StreamEncoder.implWrite([CII)V
J  sun.nio.cs.StreamEncoder.write([CII)V
J  java.io.OutputStreamWriter.write([CII)V
v  ~BufferBlob::Interpreter
v  ~BufferBlob::Interpreter
v  ~BufferBlob::Interpreter
v  ~BufferBlob::Interpreter
v  ~BufferBlob::Interpreter
v  ~BufferBlob::Interpreter
v  ~BufferBlob::StubRoutines (1)

---------------  P R O C E S S  ---------------

Java Threads: ( => current thread )
  0x0a5be400 JavaThread "Timer-MWTextView caret" [_thread_blocked, id=4828, stack(0x0cad0000,0x0cb50000)]
  0x0a636800 JavaThread "Thread-329" [_thread_blocked, id=12704, stack(0x03f50000,0x03fd0000)]
  0x0a6f3400 JavaThread "Thread-217" [_thread_blocked, id=10052, stack(0x03db0000,0x03e30000)]
  0x0a533c00 JavaThread "Thread-149" [_thread_blocked, id=532, stack(0x03d30000,0x03db0000)]
  0x09a5dc00 JavaThread "Timer-20" [_thread_blocked, id=2272, stack(0x218b0000,0x21930000)]
  0x0a554800 JavaThread "Foxtrot Single Worker Thread #1" daemon [_thread_blocked, id=4200, stack(0x05270000,0x052f0000)]
  0x09ffb000 JavaThread "Prefs Updater" [_thread_blocked, id=6808, stack(0x05300000,0x05380000)]
  0x0a2fec00 JavaThread "Thread-15" [_thread_blocked, id=8588, stack(0x0d5d0000,0x0d650000)]
  0x0a4d8400 JavaThread "Thread-14" [_thread_blocked, id=9224, stack(0x0d550000,0x0d5d0000)]
  0x09f5a400 JavaThread "Thread-13" [_thread_blocked, id=13376, stack(0x0d4c0000,0x0d540000)]
  0x0a2d4400 JavaThread "Thread-12" [_thread_blocked, id=10764, stack(0x0b570000,0x0b5f0000)]
  0x0a2d8000 JavaThread "Active Reference Queue Daemon" daemon [_thread_blocked, id=11176, stack(0x0b4a0000,0x0b520000)]
  0x0a52e400 JavaThread "Timer-7" daemon [_thread_blocked, id=11716, stack(0x0b420000,0x0b4a0000)]
  0x0a345800 JavaThread "Timer-6" daemon [_thread_blocked, id=11276, stack(0x0b360000,0x0b3e0000)]
  0x09e93800 JavaThread "TimerQueue" daemon [_thread_blocked, id=8200, stack(0x0aec0000,0x0af40000)]
  0x0a05ac00 JavaThread "AWT-Shutdown" [_thread_blocked, id=12396, stack(0x0ad90000,0x0ae10000)]
  0x09901c00 JavaThread "Timer-0" [_thread_blocked, id=9716, stack(0x09c30000,0x09cb0000)]
  0x098f4c00 JavaThread "AWT-Windows" daemon [_thread_blocked, id=7644, stack(0x09b90000,0x09c10000)]
  0x098edc00 JavaThread "Java2D Disposer" daemon [_thread_blocked, id=1332, stack(0x09a90000,0x09b10000)]
  0x05d2b400 JavaThread "JMI Unnamed Thread" [_thread_in_native, id=11676, stack(0x030d0000,0x038d0000)]
  0x05cc5800 JavaThread "Low Memory Detector" daemon [_thread_blocked, id=8248, stack(0x09010000,0x09090000)]
  0x05cc0000 JavaThread "CompilerThread0" daemon [_thread_blocked, id=5392, stack(0x08810000,0x09010000)]
  0x05cbf000 JavaThread "Attach Listener" daemon [_thread_blocked, id=8616, stack(0x08790000,0x08810000)]
  0x05cad800 JavaThread "Finalizer" daemon [_thread_blocked, id=3600, stack(0x08710000,0x08790000)]
  0x05cac800 JavaThread "Reference Handler" daemon [_thread_blocked, id=552, stack(0x08690000,0x08710000)]
=>0x05a4e000 JavaThread "main" [_thread_in_native, id=10696, stack(0x00430000,0x00c30000)]

Other Threads:
  0x05ca8000 VMThread [stack: 0x07e90000,0x08690000] [id=224]
  0x05cd7800 WatcherThread [stack: 0x09090000,0x09890000] [id=9760]

VM state:at safepoint (normal execution)

VM Mutex/Monitor currently owned by a thread:  ([mutex/lock_event])
[0x05a4d6e0/0x00000378] Threads_lock - owner thread: 0x05ca8000
[0x05a4d880/0x000003b8] Heap_lock - owner thread: 0x098f4c00

Heap
 def new generation   total 29504K, used 29504K [0x10010000, 0x12010000, 0x12010000)
  eden space 26240K, 100% used [0x10010000, 0x119b0000, 0x119b0000)
  from space 3264K, 100% used [0x11ce0000, 0x12010000, 0x12010000)
  to   space 3264K,   0% used [0x119b0000, 0x119b0000, 0x11ce0000)
 tenured generation   total 98304K, used 98303K [0x12010000, 0x18010000, 0x18010000)
   the space 98304K,  99% used [0x12010000, 0x1800ff88, 0x18010000, 0x18010000)
 compacting perm gen  total 36864K, used 36625K [0x18010000, 0x1a410000, 0x1c010000)
   the space 36864K,  99% used [0x18010000, 0x1a3d4690, 0x1a3d4800, 0x1a410000)
No shared spaces configured.

Dynamic libraries:
0x00400000 - 0x0042f000 	C:\Program Files\Matlab\R2009a\bin\win32\MATLAB.exe
0x7c900000 - 0x7c9b2000 	C:\WINDOWS\system32\ntdll.dll
0x7c800000 - 0x7c8f6000 	C:\WINDOWS\system32\kernel32.dll
0x7b280000 - 0x7b34a000 	C:\Program Files\Matlab\R2009a\bin\win32\libut.dll
0x76c90000 - 0x76cb8000 	C:\WINDOWS\system32\imagehlp.dll
0x77dd0000 - 0x77e6b000 	C:\WINDOWS\system32\ADVAPI32.dll
0x77e70000 - 0x77f03000 	C:\WINDOWS\system32\RPCRT4.dll
0x77fe0000 - 0x77ff1000 	C:\WINDOWS\system32\Secur32.dll
0x77c10000 - 0x77c68000 	C:\WINDOWS\system32\msvcrt.dll
0x76bf0000 - 0x76bfb000 	C:\WINDOWS\system32\PSAPI.DLL
0x7bba0000 - 0x7bbbf000 	C:\Program Files\Matlab\R2009a\bin\win32\LIBEXPAT.dll
0x78130000 - 0x781cb000 	C:\WINDOWS\WinSxS\x86_Microsoft.VC80.CRT_1fc8b3b9a1e18e3b_8.0.50727.6195_x-ww_44262b86\MSVCR80.dll
0x7b6b0000 - 0x7b791000 	C:\Program Files\Matlab\R2009a\bin\win32\icuuc38.dll
0x7ad90000 - 0x7ad94000 	C:\Program Files\Matlab\R2009a\bin\win32\icudt38.dll
0x7ada0000 - 0x7adac000 	C:\Program Files\Matlab\R2009a\bin\win32\icuio38.dll
0x7afe0000 - 0x7b0c4000 	C:\Program Files\Matlab\R2009a\bin\win32\icuin38.dll
0x7c420000 - 0x7c4a7000 	C:\WINDOWS\WinSxS\x86_Microsoft.VC80.CRT_1fc8b3b9a1e18e3b_8.0.50727.6195_x-ww_44262b86\MSVCP80.dll
0x7e410000 - 0x7e4a1000 	C:\WINDOWS\system32\USER32.dll
0x77f10000 - 0x77f59000 	C:\WINDOWS\system32\GDI32.dll
0x782e0000 - 0x78317000 	C:\Program Files\Matlab\R2009a\bin\win32\libmwfl.dll
0x10000000 - 0x1000e000 	C:\Program Files\Matlab\R2009a\bin\win32\boost_date_time-vc80-mt-1_36.dll
0x002b0000 - 0x002c0000 	C:\Program Files\Matlab\R2009a\bin\win32\boost_signals-vc80-mt-1_36.dll
0x002d0000 - 0x002d7000 	C:\Program Files\Matlab\R2009a\bin\win32\boost_system-vc80-mt-1_36.dll
0x002f0000 - 0x002fc000 	C:\Program Files\Matlab\R2009a\bin\win32\boost_thread-vc80-mt-1_36.dll
0x7b3b0000 - 0x7b59a000 	C:\Program Files\Matlab\R2009a\bin\win32\libmwservices.dll
0x7b350000 - 0x7b3aa000 	C:\Program Files\Matlab\R2009a\bin\win32\libmx.dll
0x787a0000 - 0x787b3000 	C:\Program Files\Matlab\R2009a\bin\win32\zlib1.dll
0x7b5a0000 - 0x7b6af000 	C:\Program Files\Matlab\R2009a\bin\win32\libmwmathutil.dll
0x79510000 - 0x79543000 	C:\Program Files\Matlab\R2009a\bin\win32\mpath.dll
0x00350000 - 0x0037f000 	C:\Program Files\Matlab\R2009a\bin\win32\mlutil.dll
0x00390000 - 0x003c9000 	C:\Program Files\Matlab\R2009a\bin\win32\tbb.dll
0x00c30000 - 0x00cca000 	C:\WINDOWS\system32\COMCTL32.dll
0x763b0000 - 0x763f9000 	C:\WINDOWS\system32\comdlg32.dll
0x7c9c0000 - 0x7d1d7000 	C:\WINDOWS\system32\SHELL32.dll
0x77f60000 - 0x77fd6000 	C:\WINDOWS\system32\SHLWAPI.dll
0x00cd0000 - 0x00d25000 	C:\WINDOWS\system32\NETAPI32.dll
0x71ab0000 - 0x71ac7000 	C:\WINDOWS\system32\WS2_32.dll
0x71aa0000 - 0x71aa8000 	C:\WINDOWS\system32\WS2HELP.dll
0x79a80000 - 0x79ad3000 	C:\Program Files\Matlab\R2009a\bin\win32\mcr.dll
0x7adb0000 - 0x7adeb000 	C:\Program Files\Matlab\R2009a\bin\win32\iqm.dll
0x7a080000 - 0x7a558000 	C:\Program Files\Matlab\R2009a\bin\win32\m_interpreter.dll
0x7ae00000 - 0x7ae0c000 	C:\Program Files\Matlab\R2009a\bin\win32\libmex.dll
0x79960000 - 0x799b7000 	C:\Program Files\Matlab\R2009a\bin\win32\m_dispatcher.dll
0x78670000 - 0x7868c000 	C:\Program Files\Matlab\R2009a\bin\win32\datasvcs.dll
0x78df0000 - 0x78fb2000 	C:\Program Files\Matlab\R2009a\bin\win32\xerces-c_2_7.dll
0x00d70000 - 0x00e0d000 	C:\Program Files\Matlab\R2009a\bin\win32\boost_regex-vc80-mt-1_36.dll
0x79870000 - 0x798c7000 	C:\Program Files\Matlab\R2009a\bin\win32\profiler.dll
0x7ae60000 - 0x7ae7e000 	C:\Program Files\Matlab\R2009a\bin\win32\libmwmathrng.dll
0x78720000 - 0x78732000 	C:\Program Files\Matlab\R2009a\bin\win32\m_pcodeio.dll
0x794d0000 - 0x79507000 	C:\Program Files\Matlab\R2009a\bin\win32\m_ir.dll
0x79b60000 - 0x7a077000 	C:\Program Files\Matlab\R2009a\bin\win32\m_parser.dll
0x7adf0000 - 0x7adfe000 	C:\Program Files\Matlab\R2009a\bin\win32\ir_xfmr.dll
0x78320000 - 0x78468000 	C:\Program Files\Matlab\R2009a\bin\win32\mcos.dll
0x7aea0000 - 0x7aeaa000 	C:\Program Files\Matlab\R2009a\bin\win32\mtok.dll
0x78700000 - 0x78716000 	C:\Program Files\Matlab\R2009a\bin\win32\m_pcodegen.dll
0x78650000 - 0x7866b000 	C:\Program Files\Matlab\R2009a\bin\win32\bridge.dll
0x7aae0000 - 0x7ab64000 	C:\Program Files\Matlab\R2009a\bin\win32\udd.dll
0x7b7a0000 - 0x7b89b000 	C:\Program Files\Matlab\R2009a\bin\win32\libmwgui.dll
0x78800000 - 0x789f1000 	C:\Program Files\Matlab\R2009a\bin\win32\hg.dll
0x78690000 - 0x786b2000 	C:\Program Files\Matlab\R2009a\bin\win32\libmat.dll
0x7b0d0000 - 0x7b275000 	C:\Program Files\Matlab\R2009a\bin\win32\libhdf5.dll
0x793e0000 - 0x7941e000 	C:\Program Files\Matlab\R2009a\bin\win32\jmi.dll
0x790f0000 - 0x7911c000 	C:\Program Files\Matlab\R2009a\bin\win32\libmwhardcopy.dll
0x79490000 - 0x794c7000 	C:\Program Files\Matlab\R2009a\bin\win32\libuij.dll
0x78d50000 - 0x78de5000 	C:\Program Files\Matlab\R2009a\bin\win32\libmwmathlinalg.dll
0x78a60000 - 0x78d42000 	C:\Program Files\Matlab\R2009a\bin\win32\libmwmathelem.dll
0x78a00000 - 0x78a52000 	C:\Program Files\Matlab\R2009a\bin\win32\libmwmathcore.dll
0x798d0000 - 0x79917000 	C:\Program Files\Matlab\R2009a\bin\win32\libmwcholmod.dll
0x7ae10000 - 0x7ae1a000 	C:\Program Files\Matlab\R2009a\bin\win32\libmwamd.dll
0x7ae40000 - 0x7ae49000 	C:\Program Files\Matlab\R2009a\bin\win32\libmwcolamd.dll
0x7ae30000 - 0x7ae3d000 	C:\Program Files\Matlab\R2009a\bin\win32\libmwblas.dll
0x7ae20000 - 0x7ae2c000 	C:\Program Files\Matlab\R2009a\bin\win32\libmwbinder.dll
0x786c0000 - 0x786f8000 	C:\Program Files\Matlab\R2009a\bin\win32\libmwlapack.dll
0x00fd0000 - 0x01005000 	C:\Program Files\Matlab\R2009a\bin\win32\libmwrookfastbp.dll
0x79120000 - 0x7915c000 	C:\Program Files\Matlab\R2009a\bin\win32\libmwma57.dll
0x7aef0000 - 0x7afd9000 	C:\Program Files\Matlab\R2009a\bin\win32\libifcoremd.dll
0x79550000 - 0x79813000 	C:\Program Files\Matlab\R2009a\bin\win32\libmmd.dll
0x7ae50000 - 0x7ae5c000 	C:\Program Files\Matlab\R2009a\bin\win32\libmwcsparse.dll
0x79a20000 - 0x79a73000 	C:\Program Files\Matlab\R2009a\bin\win32\libmwumfpack.dll
0x01050000 - 0x010f7000 	C:\Program Files\Matlab\R2009a\bin\win32\hgdatatypes.dll
0x7ab70000 - 0x7ad89000 	C:\Program Files\Matlab\R2009a\bin\win32\uiw.dll
0x7aee0000 - 0x7aee9000 	C:\Program Files\Matlab\R2009a\bin\win32\uinone.dll
0x781d0000 - 0x782df000 	C:\WINDOWS\WinSxS\x86_Microsoft.VC80.MFC_1fc8b3b9a1e18e3b_8.0.50727.6195_x-ww_150c9e8b\MFC80.DLL
0x73000000 - 0x73026000 	C:\WINDOWS\system32\WINSPOOL.DRV
0x774e0000 - 0x7761e000 	C:\WINDOWS\system32\ole32.dll
0x77120000 - 0x771ab000 	C:\WINDOWS\system32\OLEAUT32.dll
0x79ae0000 - 0x79b55000 	C:\Program Files\Matlab\R2009a\bin\win32\udd_mi.dll
0x78740000 - 0x78753000 	C:\Program Files\Matlab\R2009a\bin\win32\mwoles05.DLL
0x79820000 - 0x79864000 	C:\Program Files\Matlab\R2009a\bin\win32\comcli.dll
0x7c630000 - 0x7c64b000 	C:\WINDOWS\WinSxS\x86_Microsoft.VC80.ATL_1fc8b3b9a1e18e3b_8.0.50727.6195_x-ww_a4c618fa\ATL80.DLL
0x7ae90000 - 0x7ae9b000 	C:\Program Files\Matlab\R2009a\bin\win32\mlautoregister.dll
0x76390000 - 0x763ad000 	C:\WINDOWS\system32\IMM32.DLL
0x017a0000 - 0x017d8000 	C:\PROGRA~1\Sophos\SOPHOS~1\SOPHOS~1.DLL
0x773d0000 - 0x774d3000 	C:\WINDOWS\WinSxS\x86_Microsoft.Windows.Common-Controls_6595b64144ccf1df_6.0.2600.6028_x-ww_61e65202\comctl32.dll
0x024b0000 - 0x024be000 	C:\WINDOWS\WinSxS\x86_Microsoft.VC80.MFCLOC_1fc8b3b9a1e18e3b_8.0.50727.6195_x-ww_6a5bb789\MFC80ENU.DLL
0x02f70000 - 0x02fa8000 	C:\WINDOWS\system32\uxtheme.dll
0x03000000 - 0x03009000 	C:\Documents and Settings\All Users\Application Data\Real\RealPlayer\BrowserRecordPlugin\Chrome\Hook\rpchrome150browserrecordhelper.dll
0x78520000 - 0x785c3000 	C:\WINDOWS\WinSxS\x86_Microsoft.VC90.CRT_1fc8b3b9a1e18e3b_9.0.30729.4148_x-ww_d495ac4e\MSVCR90.dll
0x74720000 - 0x7476c000 	C:\WINDOWS\system32\MSCTF.dll
0x03080000 - 0x0308b000 	C:\Program Files\Common Files\Spigot\Search Settings\wth155.dll
0x78480000 - 0x7850e000 	C:\WINDOWS\WinSxS\x86_Microsoft.VC90.CRT_1fc8b3b9a1e18e3b_9.0.30729.4148_x-ww_d495ac4e\MSVCP90.dll
0x755c0000 - 0x755ee000 	C:\WINDOWS\system32\msctfime.ime
0x74290000 - 0x74294000 	C:\WINDOWS\system32\icmp.Dll
0x76d60000 - 0x76d79000 	C:\WINDOWS\system32\iphlpapi.dll
0x71a50000 - 0x71a8f000 	C:\WINDOWS\System32\mswsock.dll
0x76f20000 - 0x76f47000 	C:\WINDOWS\system32\DNSAPI.dll
0x76fb0000 - 0x76fb8000 	C:\WINDOWS\System32\winrnr.dll
0x76f60000 - 0x76f8c000 	C:\WINDOWS\system32\WLDAP32.dll
0x76fc0000 - 0x76fc6000 	C:\WINDOWS\system32\rasadhlp.dll
0x03930000 - 0x03947000 	C:\Documents and Settings\All Users\Application Data\Sophos\Web Intelligence\swi_ifslsp.dll
0x77c00000 - 0x77c08000 	C:\WINDOWS\system32\VERSION.dll
0x03980000 - 0x039d8000 	C:\WINDOWS\system32\hnetcfg.dll
0x71a90000 - 0x71a98000 	C:\WINDOWS\System32\wshtcpip.dll
0x79190000 - 0x793e0000 	C:\Program Files\Matlab\R2009a\sys\java\jre\win32\jre\bin\client\jvm.dll
0x76b40000 - 0x76b6d000 	C:\WINDOWS\system32\WINMM.dll
0x059e0000 - 0x05a36000 	C:\Program Files\Matlab\R2009a\bin\win32\MSVCR71.dll
0x05a50000 - 0x05af1000 	C:\WINDOWS\system32\DBGHELP.dll
0x79920000 - 0x79928000 	C:\Program Files\Matlab\R2009a\sys\java\jre\win32\jre\bin\hpi.dll
0x79940000 - 0x7994c000 	C:\Program Files\Matlab\R2009a\sys\java\jre\win32\jre\bin\verify.dll
0x787c0000 - 0x787df000 	C:\Program Files\Matlab\R2009a\sys\java\jre\win32\jre\bin\java.dll
0x79950000 - 0x7995f000 	C:\Program Files\Matlab\R2009a\sys\java\jre\win32\jre\bin\zip.dll
0x78fc0000 - 0x790ee000 	C:\Program Files\Matlab\R2009a\sys\java\jre\win32\jre\bin\awt.dll
0x78760000 - 0x78778000 	C:\Program Files\Matlab\R2009a\bin\win32\nativejava.dll
0x78780000 - 0x7879d000 	C:\Program Files\Matlab\R2009a\bin\win32\nativejmi.dll
0x7aed0000 - 0x7aed6000 	C:\Program Files\Matlab\R2009a\bin\win32\nativeservices.dll
0x799c0000 - 0x79a13000 	C:\Program Files\Matlab\R2009a\sys\java\jre\win32\jre\bin\fontmanager.dll
0x787e0000 - 0x787f3000 	C:\Program Files\Matlab\R2009a\sys\java\jre\win32\jre\bin\net.dll
0x79930000 - 0x79939000 	C:\Program Files\Matlab\R2009a\sys\java\jre\win32\jre\bin\nio.dll

VM Arguments:
jvm_args: -Xss512k -XX:PermSize=32m -Xms64m -XX:NewRatio=3 -XX:MaxPermSize=64m -Xmx128m -XX:MaxDirectMemorySize=1200000000 -Dsun.java2d.noddraw=true -Dsun.awt.nopixfmt=true -Xshare:off -Xrs -Djava.library.path=C:\Program Files\Matlab\R2009a\bin\win32 vfprintf abort 
java_command: <unknown>
Launcher Type: generic

Environment Variables:
PATH=C:\Program Files\MiKTeX 2.8\miktex\bin;C:\WINDOWS\system32;C:\WINDOWS;C:\WINDOWS\system32\wbem;C:\Program Files\MATLAB\R2009a\bin;C:\Program Files\MATLAB\R2009a\bin\win32;C:\Program Files\MATLAB\R2008a\bin;C:\Program Files\MATLAB\R2008a\bin\win32;C:\Program Files\Intel\DMIX; C:\wamp\www\xcart;C:\Program Files\Kubios HRV\MCR\v78\runtime\win32;;C:\PROGRA~1\COMMON~1\MUVEET~1\030625
USERNAME=admin
OS=Windows_NT
PROCESSOR_IDENTIFIER=x86 Family 6 Model 15 Stepping 11, GenuineIntel



---------------  S Y S T E M  ---------------

OS: Windows XP Build 2600 Service Pack 3

CPU:total 2 (2 cores per cpu, 1 threads per core) family 6 model 15 stepping 11, cmov, cx8, fxsr, mmx, sse, sse2, sse3, ssse3

Memory: 4k page, physical 3402496k(882840k free), swap 4194303k(2063320k free)

vm_info: Java HotSpot(TM) Client VM (10.0-b19) for windows-x86 JRE (1.6.0_04-b12), built on Dec 14 2007 00:51:20 by "java_re" with MS VC++ 7.1

time: Mon Nov 26 17:48:54 2012
elapsed time: 277260 seconds

